2024-06-25T20:54:57.972+02:00  INFO 14928 --- [long_jump] [main] f.s.l.LongJumpApplication                : Starting LongJumpApplication using Java 21.0.3 with PID 14928 (C:\Users\sarah\OneDrive\Bureau\Long-Jump-Decathlon1\long_jump_serveur\long_jump_serveur\build\classes\java\main started by skeghian in C:\Users\sarah\OneDrive\Bureau\Long-Jump-Decathlon1)
2024-06-25T20:54:57.975+02:00  INFO 14928 --- [long_jump] [main] f.s.l.LongJumpApplication                : No active profile set, falling back to 1 default profile: "default"
2024-06-25T20:54:58.984+02:00  INFO 14928 --- [long_jump] [main] .s.d.r.c.RepositoryConfigurationDelegate : Bootstrapping Spring Data JPA repositories in DEFAULT mode.
2024-06-25T20:54:59.071+02:00  INFO 14928 --- [long_jump] [main] .s.d.r.c.RepositoryConfigurationDelegate : Finished Spring Data repository scanning in 75 ms. Found 4 JPA repository interfaces.
2024-06-25T20:54:59.861+02:00  INFO 14928 --- [long_jump] [main] o.s.b.w.embedded.tomcat.TomcatWebServer  : Tomcat initialized with port 8080 (http)
2024-06-25T20:54:59.873+02:00  INFO 14928 --- [long_jump] [main] o.apache.catalina.core.StandardService   : Starting service [Tomcat]
2024-06-25T20:54:59.874+02:00  INFO 14928 --- [long_jump] [main] o.apache.catalina.core.StandardEngine    : Starting Servlet engine: [Apache Tomcat/10.1.24]
2024-06-25T20:54:59.924+02:00  INFO 14928 --- [long_jump] [main] o.a.c.c.C.[Tomcat].[localhost].[/]       : Initializing Spring embedded WebApplicationContext
2024-06-25T20:54:59.924+02:00  INFO 14928 --- [long_jump] [main] w.s.c.ServletWebServerApplicationContext : Root WebApplicationContext: initialization completed in 1900 ms
2024-06-25T20:55:00.064+02:00  INFO 14928 --- [long_jump] [main] com.zaxxer.hikari.HikariDataSource       : HikariPool-1 - Starting...
2024-06-25T20:55:00.334+02:00  INFO 14928 --- [long_jump] [main] com.zaxxer.hikari.pool.HikariPool        : HikariPool-1 - Added connection conn0: url=jdbc:h2:file:./long_jump_db user=SA
2024-06-25T20:55:00.336+02:00  INFO 14928 --- [long_jump] [main] com.zaxxer.hikari.HikariDataSource       : HikariPool-1 - Start completed.
2024-06-25T20:55:00.345+02:00  INFO 14928 --- [long_jump] [main] o.s.b.a.h2.H2ConsoleAutoConfiguration    : H2 console available at '/h2'. Database available at 'jdbc:h2:file:./long_jump_db'
2024-06-25T20:55:00.511+02:00  INFO 14928 --- [long_jump] [main] o.hibernate.jpa.internal.util.LogHelper  : HHH000204: Processing PersistenceUnitInfo [name: default]
2024-06-25T20:55:00.560+02:00  INFO 14928 --- [long_jump] [main] org.hibernate.Version                    : HHH000412: Hibernate ORM core version 6.5.2.Final
2024-06-25T20:55:00.596+02:00  INFO 14928 --- [long_jump] [main] o.h.c.internal.RegionFactoryInitiator    : HHH000026: Second-level cache disabled
2024-06-25T20:55:00.977+02:00  INFO 14928 --- [long_jump] [main] o.s.o.j.p.SpringPersistenceUnitInfo      : No LoadTimeWeaver setup: ignoring JPA class transformer
2024-06-25T20:55:01.971+02:00  INFO 14928 --- [long_jump] [main] o.h.e.t.j.p.i.JtaPlatformInitiator       : HHH000489: No JTA platform available (set 'hibernate.transaction.jta.platform' to enable JTA platform integration)
2024-06-25T20:55:02.028+02:00  INFO 14928 --- [long_jump] [main] j.LocalContainerEntityManagerFactoryBean : Initialized JPA EntityManagerFactory for persistence unit 'default'
2024-06-25T20:55:02.384+02:00  WARN 14928 --- [long_jump] [main] JpaBaseConfiguration$JpaWebConfiguration : spring.jpa.open-in-view is enabled by default. Therefore, database queries may be performed during view rendering. Explicitly configure spring.jpa.open-in-view to disable this warning
2024-06-25T20:55:02.418+02:00  INFO 14928 --- [long_jump] [main] o.s.b.a.w.s.WelcomePageHandlerMapping    : Adding welcome page: class path resource [static/index.html]
2024-06-25T20:55:03.175+02:00  INFO 14928 --- [long_jump] [main] o.s.b.a.e.web.EndpointLinksResolver      : Exposing 1 endpoint beneath base path '/actuator'
2024-06-25T20:55:03.262+02:00  INFO 14928 --- [long_jump] [main] o.s.b.w.embedded.tomcat.TomcatWebServer  : Tomcat started on port 8080 (http) with context path '/'
2024-06-25T20:55:03.282+02:00  INFO 14928 --- [long_jump] [main] f.s.l.LongJumpApplication                : Started LongJumpApplication in 5.776 seconds (process running for 6.523)
2024-06-25T20:55:03.639+02:00  INFO 14928 --- [long_jump] [RMI TCP Connection(3)-192.168.1.34] o.a.c.c.C.[Tomcat].[localhost].[/]       : Initializing Spring DispatcherServlet 'dispatcherServlet'
2024-06-25T20:55:03.639+02:00  INFO 14928 --- [long_jump] [RMI TCP Connection(3)-192.168.1.34] o.s.web.servlet.DispatcherServlet        : Initializing Servlet 'dispatcherServlet'
2024-06-25T20:55:03.641+02:00  INFO 14928 --- [long_jump] [RMI TCP Connection(3)-192.168.1.34] o.s.web.servlet.DispatcherServlet        : Completed initialization in 2 ms
2024-06-25T20:57:26.044+02:00  INFO 14928 --- [long_jump] [SpringApplicationShutdownHook] j.LocalContainerEntityManagerFactoryBean : Closing JPA EntityManagerFactory for persistence unit 'default'
2024-06-25T20:57:26.044+02:00  INFO 14928 --- [long_jump] [SpringApplicationShutdownHook] com.zaxxer.hikari.HikariDataSource       : HikariPool-1 - Shutdown initiated...
2024-06-25T20:57:26.053+02:00  INFO 14928 --- [long_jump] [SpringApplicationShutdownHook] com.zaxxer.hikari.HikariDataSource       : HikariPool-1 - Shutdown completed.
2024-06-25T21:01:26.093+02:00  INFO 4716 --- [long_jump] [main] f.s.l.LongJumpApplication                : Starting LongJumpApplication using Java 21.0.3 with PID 4716 (C:\Users\sarah\OneDrive\Bureau\Long-Jump-Decathlon1\long_jump_serveur\long_jump_serveur\build\classes\java\main started by skeghian in C:\Users\sarah\OneDrive\Bureau\Long-Jump-Decathlon1)
2024-06-25T21:01:26.099+02:00  INFO 4716 --- [long_jump] [main] f.s.l.LongJumpApplication                : No active profile set, falling back to 1 default profile: "default"
2024-06-25T21:01:27.482+02:00  INFO 4716 --- [long_jump] [main] .s.d.r.c.RepositoryConfigurationDelegate : Bootstrapping Spring Data JPA repositories in DEFAULT mode.
2024-06-25T21:01:27.561+02:00  INFO 4716 --- [long_jump] [main] .s.d.r.c.RepositoryConfigurationDelegate : Finished Spring Data repository scanning in 71 ms. Found 4 JPA repository interfaces.
2024-06-25T21:01:28.399+02:00  INFO 4716 --- [long_jump] [main] o.s.b.w.embedded.tomcat.TomcatWebServer  : Tomcat initialized with port 8080 (http)
2024-06-25T21:01:28.414+02:00  INFO 4716 --- [long_jump] [main] o.apache.catalina.core.StandardService   : Starting service [Tomcat]
2024-06-25T21:01:28.415+02:00  INFO 4716 --- [long_jump] [main] o.apache.catalina.core.StandardEngine    : Starting Servlet engine: [Apache Tomcat/10.1.24]
2024-06-25T21:01:28.479+02:00  INFO 4716 --- [long_jump] [main] o.a.c.c.C.[Tomcat].[localhost].[/]       : Initializing Spring embedded WebApplicationContext
2024-06-25T21:01:28.479+02:00  INFO 4716 --- [long_jump] [main] w.s.c.ServletWebServerApplicationContext : Root WebApplicationContext: initialization completed in 2320 ms
2024-06-25T21:01:28.628+02:00  INFO 4716 --- [long_jump] [main] com.zaxxer.hikari.HikariDataSource       : HikariPool-1 - Starting...
2024-06-25T21:01:28.983+02:00  INFO 4716 --- [long_jump] [main] com.zaxxer.hikari.pool.HikariPool        : HikariPool-1 - Added connection conn0: url=jdbc:h2:file:./long_jump_db user=SA
2024-06-25T21:01:28.986+02:00  INFO 4716 --- [long_jump] [main] com.zaxxer.hikari.HikariDataSource       : HikariPool-1 - Start completed.
2024-06-25T21:01:29.001+02:00  INFO 4716 --- [long_jump] [main] o.s.b.a.h2.H2ConsoleAutoConfiguration    : H2 console available at '/h2'. Database available at 'jdbc:h2:file:./long_jump_db'
2024-06-25T21:01:29.214+02:00  INFO 4716 --- [long_jump] [main] o.hibernate.jpa.internal.util.LogHelper  : HHH000204: Processing PersistenceUnitInfo [name: default]
2024-06-25T21:01:29.276+02:00  INFO 4716 --- [long_jump] [main] org.hibernate.Version                    : HHH000412: Hibernate ORM core version 6.5.2.Final
2024-06-25T21:01:29.312+02:00  INFO 4716 --- [long_jump] [main] o.h.c.internal.RegionFactoryInitiator    : HHH000026: Second-level cache disabled
2024-06-25T21:01:29.630+02:00  INFO 4716 --- [long_jump] [main] o.s.o.j.p.SpringPersistenceUnitInfo      : No LoadTimeWeaver setup: ignoring JPA class transformer
2024-06-25T21:01:30.929+02:00  INFO 4716 --- [long_jump] [main] o.h.e.t.j.p.i.JtaPlatformInitiator       : HHH000489: No JTA platform available (set 'hibernate.transaction.jta.platform' to enable JTA platform integration)
2024-06-25T21:01:31.011+02:00  INFO 4716 --- [long_jump] [main] j.LocalContainerEntityManagerFactoryBean : Initialized JPA EntityManagerFactory for persistence unit 'default'
2024-06-25T21:01:31.438+02:00  WARN 4716 --- [long_jump] [main] JpaBaseConfiguration$JpaWebConfiguration : spring.jpa.open-in-view is enabled by default. Therefore, database queries may be performed during view rendering. Explicitly configure spring.jpa.open-in-view to disable this warning
2024-06-25T21:01:31.494+02:00  INFO 4716 --- [long_jump] [main] o.s.b.a.w.s.WelcomePageHandlerMapping    : Adding welcome page: class path resource [static/index.html]
2024-06-25T21:01:32.475+02:00  INFO 4716 --- [long_jump] [main] o.s.b.a.e.web.EndpointLinksResolver      : Exposing 1 endpoint beneath base path '/actuator'
2024-06-25T21:01:32.558+02:00  INFO 4716 --- [long_jump] [main] o.s.b.w.embedded.tomcat.TomcatWebServer  : Tomcat started on port 8080 (http) with context path '/'
2024-06-25T21:01:32.569+02:00  INFO 4716 --- [long_jump] [main] f.s.l.LongJumpApplication                : Started LongJumpApplication in 6.943 seconds (process running for 7.53)
2024-06-25T21:01:32.966+02:00  INFO 4716 --- [long_jump] [RMI TCP Connection(3)-192.168.1.34] o.a.c.c.C.[Tomcat].[localhost].[/]       : Initializing Spring DispatcherServlet 'dispatcherServlet'
2024-06-25T21:01:32.970+02:00  INFO 4716 --- [long_jump] [RMI TCP Connection(3)-192.168.1.34] o.s.web.servlet.DispatcherServlet        : Initializing Servlet 'dispatcherServlet'
2024-06-25T21:01:32.971+02:00  INFO 4716 --- [long_jump] [RMI TCP Connection(3)-192.168.1.34] o.s.web.servlet.DispatcherServlet        : Completed initialization in 1 ms
2024-06-25T21:01:50.426+02:00  WARN 4716 --- [long_jump] [http-nio-8080-exec-3] .w.s.m.s.DefaultHandlerExceptionResolver : Resolved [org.springframework.web.HttpRequestMethodNotSupportedException: Request method 'GET' is not supported]
2024-06-25T21:02:07.080+02:00  WARN 4716 --- [long_jump] [http-nio-8080-exec-5] .w.s.m.s.DefaultHandlerExceptionResolver : Resolved [org.springframework.web.HttpRequestMethodNotSupportedException: Request method 'DELETE' is not supported]
2024-06-25T21:02:47.063+02:00  INFO 4716 --- [long_jump] [SpringApplicationShutdownHook] j.LocalContainerEntityManagerFactoryBean : Closing JPA EntityManagerFactory for persistence unit 'default'
2024-06-25T21:02:47.071+02:00  INFO 4716 --- [long_jump] [SpringApplicationShutdownHook] com.zaxxer.hikari.HikariDataSource       : HikariPool-1 - Shutdown initiated...
2024-06-25T21:02:47.090+02:00  INFO 4716 --- [long_jump] [SpringApplicationShutdownHook] com.zaxxer.hikari.HikariDataSource       : HikariPool-1 - Shutdown completed.
